/home/thor10001/Project1Parts1_2/project1_python/install/webots_ros2_homework1_python/lib/python3.10/site-packages/project1_python/project1_python.py
/home/thor10001/Project1Parts1_2/project1_python/install/webots_ros2_homework1_python/lib/python3.10/site-packages/project1_python/__init__.py
/home/thor10001/Project1Parts1_2/project1_python/install/webots_ros2_homework1_python/lib/python3.10/site-packages/project1_python/original code.py
/home/thor10001/Project1Parts1_2/project1_python/install/webots_ros2_homework1_python/lib/python3.10/site-packages/project1_python/targetdistance.py
/home/thor10001/Project1Parts1_2/project1_python/install/webots_ros2_homework1_python/lib/python3.10/site-packages/project1_python/cleaned.py
/home/thor10001/Project1Parts1_2/project1_python/install/webots_ros2_homework1_python/lib/python3.10/site-packages/project1_python/wallfollower.py
/home/thor10001/Project1Parts1_2/project1_python/install/webots_ros2_homework1_python/lib/python3.10/site-packages/project1_python/__pycache__/project1_python.cpython-310.pyc
/home/thor10001/Project1Parts1_2/project1_python/install/webots_ros2_homework1_python/lib/python3.10/site-packages/project1_python/__pycache__/__init__.cpython-310.pyc
/home/thor10001/Project1Parts1_2/project1_python/install/webots_ros2_homework1_python/lib/python3.10/site-packages/project1_python/__pycache__/original code.cpython-310.pyc
/home/thor10001/Project1Parts1_2/project1_python/install/webots_ros2_homework1_python/lib/python3.10/site-packages/project1_python/__pycache__/targetdistance.cpython-310.pyc
/home/thor10001/Project1Parts1_2/project1_python/install/webots_ros2_homework1_python/lib/python3.10/site-packages/project1_python/__pycache__/cleaned.cpython-310.pyc
/home/thor10001/Project1Parts1_2/project1_python/install/webots_ros2_homework1_python/lib/python3.10/site-packages/project1_python/__pycache__/wallfollower.cpython-310.pyc
/home/thor10001/Project1Parts1_2/project1_python/install/webots_ros2_homework1_python/share/ament_index/resource_index/packages/project1_python
/home/thor10001/Project1Parts1_2/project1_python/install/webots_ros2_homework1_python/share/project1_python/launch/project1_launch.py
/home/thor10001/Project1Parts1_2/project1_python/install/webots_ros2_homework1_python/share/project1_python/worlds/Part2MapDay.wbt
/home/thor10001/Project1Parts1_2/project1_python/install/webots_ros2_homework1_python/share/project1_python/package.xml
/home/thor10001/Project1Parts1_2/project1_python/install/webots_ros2_homework1_python/share/project1_python/resource/turtlebot_webots.urdf
/home/thor10001/Project1Parts1_2/project1_python/install/webots_ros2_homework1_python/share/project1_python/resource/ros2control.yml
/home/thor10001/Project1Parts1_2/project1_python/install/webots_ros2_homework1_python/lib/python3.10/site-packages/project1_python-0.0.0-py3.10.egg-info/SOURCES.txt
/home/thor10001/Project1Parts1_2/project1_python/install/webots_ros2_homework1_python/lib/python3.10/site-packages/project1_python-0.0.0-py3.10.egg-info/entry_points.txt
/home/thor10001/Project1Parts1_2/project1_python/install/webots_ros2_homework1_python/lib/python3.10/site-packages/project1_python-0.0.0-py3.10.egg-info/zip-safe
/home/thor10001/Project1Parts1_2/project1_python/install/webots_ros2_homework1_python/lib/python3.10/site-packages/project1_python-0.0.0-py3.10.egg-info/PKG-INFO
/home/thor10001/Project1Parts1_2/project1_python/install/webots_ros2_homework1_python/lib/python3.10/site-packages/project1_python-0.0.0-py3.10.egg-info/requires.txt
/home/thor10001/Project1Parts1_2/project1_python/install/webots_ros2_homework1_python/lib/python3.10/site-packages/project1_python-0.0.0-py3.10.egg-info/dependency_links.txt
/home/thor10001/Project1Parts1_2/project1_python/install/webots_ros2_homework1_python/lib/python3.10/site-packages/project1_python-0.0.0-py3.10.egg-info/top_level.txt
/home/thor10001/Project1Parts1_2/project1_python/install/webots_ros2_homework1_python/lib/project1_python/project1_python
