[0.832s] Invoking command in '/home/thor10001/Project1Parts1_2/project1_python': PYTHONPATH=/home/thor10001/Project1Parts1_2/project1_python/build/webots_ros2_homework1_python/prefix_override:/usr/lib/python3/dist-packages/colcon_core/task/python/colcon_distutils_commands:/home/thor10001/Project1Parts1_2/project1_python/install/webots_ros2_homework1_python/lib/python3.10/site-packages:${PYTHONPATH} /usr/bin/python3 -W ignore:setup.py install is deprecated setup.py egg_info --egg-base build/webots_ros2_homework1_python build --build-base /home/thor10001/Project1Parts1_2/project1_python/build/webots_ros2_homework1_python/build install --record /home/thor10001/Project1Parts1_2/project1_python/build/webots_ros2_homework1_python/install.log --single-version-externally-managed install_data
[0.987s] running egg_info
[0.987s] creating build/webots_ros2_homework1_python/project1_python.egg-info
[0.988s] writing build/webots_ros2_homework1_python/project1_python.egg-info/PKG-INFO
[0.988s] writing dependency_links to build/webots_ros2_homework1_python/project1_python.egg-info/dependency_links.txt
[0.988s] writing entry points to build/webots_ros2_homework1_python/project1_python.egg-info/entry_points.txt
[0.988s] writing requirements to build/webots_ros2_homework1_python/project1_python.egg-info/requires.txt
[0.988s] writing top-level names to build/webots_ros2_homework1_python/project1_python.egg-info/top_level.txt
[0.988s] writing manifest file 'build/webots_ros2_homework1_python/project1_python.egg-info/SOURCES.txt'
[0.989s] reading manifest file 'build/webots_ros2_homework1_python/project1_python.egg-info/SOURCES.txt'
[0.990s] writing manifest file 'build/webots_ros2_homework1_python/project1_python.egg-info/SOURCES.txt'
[0.990s] running build
[0.990s] running build_py
[0.991s] creating /home/thor10001/Project1Parts1_2/project1_python/build/webots_ros2_homework1_python/build
[0.991s] creating /home/thor10001/Project1Parts1_2/project1_python/build/webots_ros2_homework1_python/build/lib
[0.991s] creating /home/thor10001/Project1Parts1_2/project1_python/build/webots_ros2_homework1_python/build/lib/project1_python
[0.992s] copying project1_python/project1_python.py -> /home/thor10001/Project1Parts1_2/project1_python/build/webots_ros2_homework1_python/build/lib/project1_python
[0.992s] copying project1_python/__init__.py -> /home/thor10001/Project1Parts1_2/project1_python/build/webots_ros2_homework1_python/build/lib/project1_python
[0.992s] copying project1_python/original code.py -> /home/thor10001/Project1Parts1_2/project1_python/build/webots_ros2_homework1_python/build/lib/project1_python
[0.992s] copying project1_python/targetdistance.py -> /home/thor10001/Project1Parts1_2/project1_python/build/webots_ros2_homework1_python/build/lib/project1_python
[0.992s] copying project1_python/cleaned.py -> /home/thor10001/Project1Parts1_2/project1_python/build/webots_ros2_homework1_python/build/lib/project1_python
[0.992s] copying project1_python/wallfollower.py -> /home/thor10001/Project1Parts1_2/project1_python/build/webots_ros2_homework1_python/build/lib/project1_python
[0.992s] running install
[0.992s] running install_lib
[0.993s] creating /home/thor10001/Project1Parts1_2/project1_python/install/webots_ros2_homework1_python/lib/python3.10/site-packages/project1_python
[0.994s] copying /home/thor10001/Project1Parts1_2/project1_python/build/webots_ros2_homework1_python/build/lib/project1_python/project1_python.py -> /home/thor10001/Project1Parts1_2/project1_python/install/webots_ros2_homework1_python/lib/python3.10/site-packages/project1_python
[0.995s] copying /home/thor10001/Project1Parts1_2/project1_python/build/webots_ros2_homework1_python/build/lib/project1_python/__init__.py -> /home/thor10001/Project1Parts1_2/project1_python/install/webots_ros2_homework1_python/lib/python3.10/site-packages/project1_python
[0.995s] copying /home/thor10001/Project1Parts1_2/project1_python/build/webots_ros2_homework1_python/build/lib/project1_python/original code.py -> /home/thor10001/Project1Parts1_2/project1_python/install/webots_ros2_homework1_python/lib/python3.10/site-packages/project1_python
[0.995s] copying /home/thor10001/Project1Parts1_2/project1_python/build/webots_ros2_homework1_python/build/lib/project1_python/targetdistance.py -> /home/thor10001/Project1Parts1_2/project1_python/install/webots_ros2_homework1_python/lib/python3.10/site-packages/project1_python
[0.995s] copying /home/thor10001/Project1Parts1_2/project1_python/build/webots_ros2_homework1_python/build/lib/project1_python/cleaned.py -> /home/thor10001/Project1Parts1_2/project1_python/install/webots_ros2_homework1_python/lib/python3.10/site-packages/project1_python
[0.995s] copying /home/thor10001/Project1Parts1_2/project1_python/build/webots_ros2_homework1_python/build/lib/project1_python/wallfollower.py -> /home/thor10001/Project1Parts1_2/project1_python/install/webots_ros2_homework1_python/lib/python3.10/site-packages/project1_python
[0.995s] byte-compiling /home/thor10001/Project1Parts1_2/project1_python/install/webots_ros2_homework1_python/lib/python3.10/site-packages/project1_python/project1_python.py to project1_python.cpython-310.pyc
[0.996s] byte-compiling /home/thor10001/Project1Parts1_2/project1_python/install/webots_ros2_homework1_python/lib/python3.10/site-packages/project1_python/__init__.py to __init__.cpython-310.pyc
[0.997s] byte-compiling /home/thor10001/Project1Parts1_2/project1_python/install/webots_ros2_homework1_python/lib/python3.10/site-packages/project1_python/original code.py to original code.cpython-310.pyc
[0.997s] byte-compiling /home/thor10001/Project1Parts1_2/project1_python/install/webots_ros2_homework1_python/lib/python3.10/site-packages/project1_python/targetdistance.py to targetdistance.cpython-310.pyc
[0.999s] byte-compiling /home/thor10001/Project1Parts1_2/project1_python/install/webots_ros2_homework1_python/lib/python3.10/site-packages/project1_python/cleaned.py to cleaned.cpython-310.pyc
[0.999s] byte-compiling /home/thor10001/Project1Parts1_2/project1_python/install/webots_ros2_homework1_python/lib/python3.10/site-packages/project1_python/wallfollower.py to wallfollower.cpython-310.pyc
[1.000s] running install_data
[1.001s] copying resource/project1_python -> /home/thor10001/Project1Parts1_2/project1_python/install/webots_ros2_homework1_python/share/ament_index/resource_index/packages
[1.001s] creating /home/thor10001/Project1Parts1_2/project1_python/install/webots_ros2_homework1_python/share/project1_python
[1.001s] creating /home/thor10001/Project1Parts1_2/project1_python/install/webots_ros2_homework1_python/share/project1_python/launch
[1.001s] copying launch/project1_launch.py -> /home/thor10001/Project1Parts1_2/project1_python/install/webots_ros2_homework1_python/share/project1_python/launch
[1.002s] creating /home/thor10001/Project1Parts1_2/project1_python/install/webots_ros2_homework1_python/share/project1_python/worlds
[1.002s] copying worlds/Part2MapDay.wbt -> /home/thor10001/Project1Parts1_2/project1_python/install/webots_ros2_homework1_python/share/project1_python/worlds
[1.002s] copying package.xml -> /home/thor10001/Project1Parts1_2/project1_python/install/webots_ros2_homework1_python/share/project1_python
[1.002s] creating /home/thor10001/Project1Parts1_2/project1_python/install/webots_ros2_homework1_python/share/project1_python/resource
[1.003s] copying resource/turtlebot_webots.urdf -> /home/thor10001/Project1Parts1_2/project1_python/install/webots_ros2_homework1_python/share/project1_python/resource
[1.003s] copying resource/ros2control.yml -> /home/thor10001/Project1Parts1_2/project1_python/install/webots_ros2_homework1_python/share/project1_python/resource
[1.003s] running install_egg_info
[1.005s] Copying build/webots_ros2_homework1_python/project1_python.egg-info to /home/thor10001/Project1Parts1_2/project1_python/install/webots_ros2_homework1_python/lib/python3.10/site-packages/project1_python-0.0.0-py3.10.egg-info
[1.005s] running install_scripts
[1.028s] Installing project1_python script to /home/thor10001/Project1Parts1_2/project1_python/install/webots_ros2_homework1_python/lib/project1_python
[1.028s] writing list of installed files to '/home/thor10001/Project1Parts1_2/project1_python/build/webots_ros2_homework1_python/install.log'
[1.064s] Invoked command in '/home/thor10001/Project1Parts1_2/project1_python' returned '0': PYTHONPATH=/home/thor10001/Project1Parts1_2/project1_python/build/webots_ros2_homework1_python/prefix_override:/usr/lib/python3/dist-packages/colcon_core/task/python/colcon_distutils_commands:/home/thor10001/Project1Parts1_2/project1_python/install/webots_ros2_homework1_python/lib/python3.10/site-packages:${PYTHONPATH} /usr/bin/python3 -W ignore:setup.py install is deprecated setup.py egg_info --egg-base build/webots_ros2_homework1_python build --build-base /home/thor10001/Project1Parts1_2/project1_python/build/webots_ros2_homework1_python/build install --record /home/thor10001/Project1Parts1_2/project1_python/build/webots_ros2_homework1_python/install.log --single-version-externally-managed install_data
